2021-07-28T14:35:41.440Z info: Server listening at http://localhost:3001
2021-07-28T14:43:02.754Z info: /notes - ::ffff:127.0.0.1 - All notes retrieved
2021-07-28T16:57:32.966Z info: Server listening at http://localhost:3001
2021-07-28T17:00:33.792Z info: /notes - ::1 - All notes retrieved
2021-07-28T17:01:40.807Z error: /note - ::1 - title is missing 
2021-07-28T17:01:40.808Z error: /note - ::1 - Error: title is empty! 
2021-07-28T17:02:01.939Z error: /note - ::1 - SyntaxError: Unexpected token o in JSON at position 1 
2021-07-29T04:51:48.637Z info: Server listening at http://localhost:3001
2021-07-29T04:58:10.479Z info: /notes - ::1 - All notes retrieved
2021-07-29T05:01:31.387Z error: /note - ::1 - SyntaxError: Unexpected token o in JSON at position 1 
2021-07-29T05:23:28.685Z info: /notes - ::1 - All notes retrieved
2021-07-29T05:23:32.924Z info: /note/6102362bfb1ed682cfdc47a2 - ::1 - Notes retrieved
2021-07-29T05:30:11.662Z info: /notes - ::1 - All notes retrieved
2021-07-29T05:30:23.259Z info: /note/6102362bfb1ed682cfdc47a2 - ::1 - Notes retrieved
2021-07-29T05:30:25.406Z info: /notes - ::1 - All notes retrieved
2021-07-29T05:30:29.832Z info: /note/6102362bfb1ed682cfdc47a2 - ::1 - Notes retrieved
2021-07-29T05:46:46.984Z info: /notes - ::1 - All notes retrieved
2021-07-29T05:46:51.721Z info: /notes - ::1 - All notes retrieved
2021-07-29T05:47:04.550Z error: /note - ::1 - SyntaxError: Unexpected token o in JSON at position 1 
2021-07-29T06:30:19.302Z info: Server listening at http://localhost:3001
2021-07-29T06:31:04.642Z info: /notes - ::1 - All notes retrieved
2021-07-29T06:31:50.660Z info: /note - ::1 - Data successfully saved
2021-07-29T06:31:56.482Z info: /notes - ::1 - All notes retrieved
2021-07-29T06:32:58.895Z info: /note/61024b5623b15c9724f6516b - ::1 - Notes retrieved
2021-07-29T06:40:20.549Z info: /note/61024b5623b15c9724f6516b - ::1 - Notes retrieved
2021-07-29T06:40:21.104Z info: /note/61024b5623b15c9724f6516b - ::1 - Notes retrieved
2021-07-29T06:42:22.983Z info: /notes - ::1 - All notes retrieved
2021-07-29T06:42:27.583Z info: /notes - ::1 - All notes retrieved
2021-07-29T06:42:32.372Z info: /note/61024b5623b15c9724f6516b - ::1 - Notes retrieved
2021-07-29T06:45:15.386Z info: /note/61024b5623b15c9724f6516b - ::1 - Notes retrieved
2021-07-29T06:48:50.174Z info: /note/61024b5623b15c9724f6516b - ::1 - Notes retrieved
2021-07-29T06:51:36.395Z info: /notes - ::1 - All notes retrieved
2021-07-29T06:51:43.581Z info: /notes - ::1 - All notes retrieved
2021-07-29T06:51:46.831Z info: /note/61024b5623b15c9724f6516b - ::1 - Notes retrieved
2021-07-29T06:51:54.936Z info: /note/61024b5623b15c9724f6516b - ::1 - Data successfully updated
2021-07-29T06:51:59.222Z info: /notes - ::1 - All notes retrieved
2021-07-29T06:52:01.920Z info: /note/61024b5623b15c9724f6516b - ::1 - Notes retrieved
2021-07-29T06:52:05.784Z info: /note/61024b5623b15c9724f6516b - ::1 - Data successfully deleted
2021-07-29T06:52:05.854Z info: /notes - ::1 - All notes retrieved
